#
# A fatal error has been detected by the Java Runtime Environment:
#
#  EXCEPTION_ACCESS_VIOLATION (0xc0000005) at pc=0x0000000057cbac10, pid=6140, tid=5592
#
# JRE version: Java(TM) SE Runtime Environment (8.0_51-b16) (build 1.8.0_51-b16)
# Java VM: Java HotSpot(TM) 64-Bit Server VM (25.51-b03 mixed mode windows-amd64 compressed oops)
# Problematic frame:
# V  [jvm.dll+0xeac10]
#
# Failed to write core dump. Minidumps are not enabled by default on client versions of Windows
#
# If you would like to submit a bug report, please visit:
#   http://bugreport.java.com/bugreport/crash.jsp
#

---------------  T H R E A D  ---------------

Current thread (0x000000001e67f800):  JavaThread "Daemon worker Thread 23" [_thread_in_vm, id=5592, stack(0x0000000000b10000,0x0000000000c10000)]

siginfo: ExceptionCode=0xc0000005, reading address 0xffffffffffffffff

Registers:
RAX=0x0000000000000013, RBX=0x0000000000000000, RCX=0x0000000000000013, RDX=0x0000000000000000
RSP=0x0000000000c0c898, RBP=0x00000000000007ff, RSI=0x00000000ee433d08, RDI=0x0000000000000012
R8 =0x0000000000000012, R9 =0x0000000000000012, R10=0x00000000ee433ce0, R11=0x0000000000000000
R12=0x0000000000000000, R13=0x000000001a88dd00, R14=0x000000001a88dd10, R15=0x000000001a88e0e8
RIP=0x0000000057cbac10, EFLAGS=0x0000000000010246

Top of Stack: (sp=0x0000000000c0c898)
0x0000000000c0c898:   0000000057e48288 00000000c0222748
0x0000000000c0c8a8:   00000000045f01d4 0000000000000001
0x0000000000c0c8b8:   000000010009ebf0 00000000ee433ce0
0x0000000000c0c8c8:   0000000057d13d50 0000000000000012
0x0000000000c0c8d8:   00000000184da910 000000001e67f800
0x0000000000c0c8e8:   0000000003106ee2 0000000000000000
0x0000000000c0c8f8:   0000000057d12f9e 000000001e67f800
0x0000000000c0c908:   0000000000000000 00000000ee433a10
0x0000000000c0c918:   0000000057d12dec 0000000000000012
0x0000000000c0c928:   000000001e67f9f8 0000000000000000
0x0000000000c0c938:   0000000000c0ca80 0000000000c0c980
0x0000000000c0c948:   0000000057ba1aee 00000000000003d8
0x0000000000c0c958:   00000000ee433c00 0000000000c0ca90
0x0000000000c0c968:   0000000000000000 0000000000c0c980
0x0000000000c0c978:   00000000033a7f71 00000001000a0240
0x0000000000c0c988:   00000001000ee4f0 000000010001b6c0 

Instructions: (pc=0x0000000057cbac10)
0x0000000057cbabf0:   ff ff ff cc cc cc cc cc cc cc cc cc cc cc cc cc
0x0000000057cbac00:   48 8b 89 30 01 00 00 e9 f4 ad f3 ff cc cc cc cc
0x0000000057cbac10:   48 89 5c 24 08 57 48 83 ec 20 48 8b f9 8b 0d f5
0x0000000057cbac20:   79 6b 00 8b da ff 15 c5 57 4e 00 44 8b c3 48 8b 


Register to memory mapping:

RAX=0x0000000000000013 is an unknown value
RBX=0x0000000000000000 is an unknown value
RCX=0x0000000000000013 is an unknown value
RDX=0x0000000000000000 is an unknown value
RSP=0x0000000000c0c898 is pointing into the stack for thread: 0x000000001e67f800
RBP=0x00000000000007ff is an unknown value
RSI=0x00000000ee433d08 is an oop

[error occurred during error reporting (printing register info), id 0xc0000005]

Stack: [0x0000000000b10000,0x0000000000c10000],  sp=0x0000000000c0c898,  free space=1010k
Native frames: (J=compiled Java code, j=interpreted, Vv=VM code, C=native code)
V  [jvm.dll+0xeac10]
V  [jvm.dll+0x278288]
V  [jvm.dll+0x143d50]
C  [java.dll+0x1aee]
C  0x0000000003404f45

Java frames: (J=compiled Java code, j=interpreted, Vv=VM code)
J 1531  java.lang.Class.forName0(Ljava/lang/String;ZLjava/lang/ClassLoader;Ljava/lang/Class;)Ljava/lang/Class; (0 bytes) @ 0x0000000003404ec7 [0x0000000003404e40+0x87]
J 7450 C2 sun.reflect.generics.visitor.Reifier.visitClassTypeSignature(Lsun/reflect/generics/tree/ClassTypeSignature;)V (381 bytes) @ 0x00000000045f01d4 [0x00000000045efe40+0x394]
J 7449 C2 sun.reflect.generics.tree.ClassTypeSignature.accept(Lsun/reflect/generics/visitor/TypeTreeVisitor;)V (8 bytes) @ 0x00000000045d4a28 [0x00000000045d49e0+0x48]
J 4351 C2 java.lang.reflect.Executable.sharedToGenericString(IZ)Ljava/lang/String; (329 bytes) @ 0x0000000003edfe38 [0x0000000003eded60+0x10d8]
J 7523 C2 java.lang.reflect.Method.toGenericString()Ljava/lang/String; (12 bytes) @ 0x0000000004633310 [0x00000000046332a0+0x70]
J 12757 C2 java.beans.MethodRef.find(Ljava/lang/Class;Ljava/lang/String;)Ljava/lang/reflect/Method; (62 bytes) @ 0x00000000053db42c [0x00000000053daa60+0x9cc]
J 12788 C2 java.beans.MethodRef.get()Ljava/lang/reflect/Method; (92 bytes) @ 0x00000000031f9f8c [0x00000000031f9a60+0x52c]
J 17170 C2 groovy.lang.MetaClassImpl.applyPropertyDescriptors([Ljava/beans/PropertyDescriptor;)V (151 bytes) @ 0x0000000006006a8c [0x0000000006006420+0x66c]
J 6017 C1 groovy.lang.MetaClassImpl.setupProperties([Ljava/beans/PropertyDescriptor;)V (300 bytes) @ 0x00000000043abbec [0x00000000043a8fc0+0x2c2c]
J 12758 C1 groovy.lang.MetaClassImpl.addProperties()V (230 bytes) @ 0x0000000003bbe90c [0x0000000003bbe3e0+0x52c]
J 6014 C1 groovy.lang.MetaClassImpl.initialize()V (35 bytes) @ 0x0000000004397a1c [0x00000000043977c0+0x25c]
J 10112 C2 org.codehaus.groovy.runtime.metaclass.MetaClassRegistryImpl.getMetaClass(Ljava/lang/Class;)Lgroovy/lang/MetaClass; (8 bytes) @ 0x00000000049010b0 [0x0000000004900cc0+0x3f0]
j  org.gradle.api.tasks.diagnostics.TaskReportTask_Decorated.getMetaClass()Lgroovy/lang/MetaClass;+17
J 13559 C2 org.gradle.api.internal.BeanDynamicObject.hasProperty(Ljava/lang/String;)Z (11 bytes) @ 0x0000000005345970 [0x00000000053458c0+0xb0]
J 10527 C2 org.gradle.api.internal.CompositeDynamicObject.getProperty(Ljava/lang/String;)Ljava/lang/Object; (128 bytes) @ 0x00000000048f0964 [0x00000000048f08a0+0xc4]
j  org.gradle.api.tasks.diagnostics.TaskReportTask_Decorated.getProperty(Ljava/lang/String;)Ljava/lang/Object;+5
J 10524 C2 org.codehaus.groovy.runtime.callsite.PogoGetPropertySite.getProperty(Ljava/lang/Object;)Ljava/lang/Object; (20 bytes) @ 0x0000000003b463d0 [0x0000000003b46360+0x70]
J 7038 C2 org.codehaus.groovy.runtime.callsite.AbstractCallSite.callGetProperty(Ljava/lang/Object;)Ljava/lang/Object; (12 bytes) @ 0x0000000003854238 [0x00000000038541e0+0x58]
j  org.jetbrains.plugins.gradle.tooling.builder.ExternalProjectBuilderImpl$_getTasks_closure2.doCall(Lorg/gradle/api/Task;)Ljava/lang/Object;+20
j  sun.reflect.GeneratedMethodAccessor1131.invoke(Ljava/lang/Object;[Ljava/lang/Object;)Ljava/lang/Object;+40
J 7055 C2 groovy.lang.MetaMethod.doMethodInvoke(Ljava/lang/Object;[Ljava/lang/Object;)Ljava/lang/Object; (22 bytes) @ 0x00000000044c89ac [0x00000000044c87e0+0x1cc]
J 5034 C1 org.codehaus.groovy.runtime.metaclass.ClosureMetaClass.invokeMethod(Ljava/lang/Class;Ljava/lang/Object;Ljava/lang/String;[Ljava/lang/Object;ZZ)Ljava/lang/Object; (894 bytes) @ 0x00000000040d32b4 [0x00000000040cf1c0+0x40f4]
J 12959 C2 groovy.lang.MetaClassImpl.invokeMethod(Ljava/lang/Object;Ljava/lang/String;[Ljava/lang/Object;)Ljava/lang/Object; (14 bytes) @ 0x00000000054b6e90 [0x00000000054b6e20+0x70]
J 5068 C1 groovy.lang.Closure.call([Ljava/lang/Object;)Ljava/lang/Object; (30 bytes) @ 0x00000000040eef94 [0x00000000040eeb60+0x434]
J 5069 C1 groovy.lang.Closure.call(Ljava/lang/Object;)Ljava/lang/Object; (13 bytes) @ 0x00000000040ee72c [0x00000000040ee480+0x2ac]
j  org.codehaus.groovy.runtime.DefaultGroovyMethods.each(Ljava/util/Iterator;Lgroovy/lang/Closure;)Ljava/util/Iterator;+18
j  org.codehaus.groovy.runtime.DefaultGroovyMethods.each(Ljava/lang/Iterable;Lgroovy/lang/Closure;)Ljava/lang/Iterable;+7
j  org.codehaus.groovy.runtime.DefaultGroovyMethods.each(Ljava/util/Set;Lgroovy/lang/Closure;)Ljava/util/Set;+2
j  org.codehaus.groovy.runtime.dgm$164.invoke(Ljava/lang/Object;[Ljava/lang/Object;)Ljava/lang/Object;+10
J 4947 C1 org.codehaus.groovy.runtime.callsite.PojoMetaMethodSite$PojoMetaMethodSiteNoUnwrapNoCoerce.invoke(Ljava/lang/Object;[Ljava/lang/Object;)Ljava/lang/Object; (16 bytes) @ 0x000000000405af04 [0x000000000405ae00+0x104]
J 4953 C1 org.codehaus.groovy.runtime.callsite.PojoMetaMethodSite.call(Ljava/lang/Object;[Ljava/lang/Object;)Ljava/lang/Object; (23 bytes) @ 0x000000000406bac4 [0x000000000406b8c0+0x204]
J 7034 C1 org.codehaus.groovy.runtime.callsite.AbstractCallSite.call(Ljava/lang/Object;[Ljava/lang/Object;)Ljava/lang/Object; (7 bytes) @ 0x0000000003854644 [0x00000000038544c0+0x184]
J 4939 C1 org.codehaus.groovy.runtime.callsite.AbstractCallSite.call(Ljava/lang/Object;Ljava/lang/Object;)Ljava/lang/Object; (37 bytes) @ 0x000000000402fc54 [0x000000000402f860+0x3f4]
j  org.jetbrains.plugins.gradle.tooling.builder.ExternalProjectBuilderImpl.getTasks(Lorg/gradle/api/Project;)Ljava/util/Map;+70
j  org.jetbrains.plugins.gradle.tooling.builder.ExternalProjectBuilderImpl$getTasks$0.callCurrent(Lgroovy/lang/GroovyObject;[Ljava/lang/Object;)Ljava/lang/Object;+19
J 13776 C1 org.codehaus.groovy.runtime.callsite.AbstractCallSite.callCurrent(Lgroovy/lang/GroovyObject;[Ljava/lang/Object;)Ljava/lang/Object; (7 bytes) @ 0x00000000037ec7bc [0x00000000037ec5a0+0x21c]
J 9450 C1 org.codehaus.groovy.runtime.callsite.AbstractCallSite.callCurrent(Lgroovy/lang/GroovyObject;Ljava/lang/Object;)Ljava/lang/Object; (37 bytes) @ 0x00000000043e0654 [0x00000000043e0260+0x3f4]
j  org.jetbrains.plugins.gradle.tooling.builder.ExternalProjectBuilderImpl.buildAll(Ljava/lang/String;Lorg/gradle/api/Project;)Ljava/lang/Object;+388
j  org.jetbrains.plugins.gradle.tooling.internal.ExtraModelBuilder.buildAll(Ljava/lang/String;Lorg/gradle/api/Project;)Ljava/lang/Object;+51
j  org.gradle.tooling.internal.provider.runner.DefaultBuildController.getModel(Ljava/lang/Object;Lorg/gradle/tooling/internal/protocol/ModelIdentifier;)Lorg/gradle/tooling/internal/protocol/BuildResult;+243
j  org.gradle.tooling.internal.consumer.connection.BuildControllerAdapter.getModel(Lorg/gradle/tooling/model/Model;Ljava/lang/Class;)Ljava/lang/Object;+34
j  org.gradle.tooling.internal.consumer.connection.BuildControllerAdapter.findModel(Lorg/gradle/tooling/model/Model;Ljava/lang/Class;)Ljava/lang/Object;+3
j  org.jetbrains.plugins.gradle.model.ProjectImportAction.addExtraProject(Lorg/gradle/tooling/BuildController;Lorg/jetbrains/plugins/gradle/model/ProjectImportAction$AllModels;Lorg/gradle/tooling/model/idea/IdeaModule;)V+37
j  org.jetbrains.plugins.gradle.model.ProjectImportAction.execute(Lorg/gradle/tooling/BuildController;)Lorg/jetbrains/plugins/gradle/model/ProjectImportAction$AllModels;+68
j  org.jetbrains.plugins.gradle.model.ProjectImportAction.execute(Lorg/gradle/tooling/BuildController;)Ljava/lang/Object;+2
j  org.gradle.tooling.internal.consumer.connection.InternalBuildActionAdapter.execute(Lorg/gradle/tooling/internal/protocol/InternalBuildController;)Ljava/lang/Object;+23
j  org.gradle.tooling.internal.provider.runner.ClientProvidedBuildActionRunner.run(Lorg/gradle/internal/invocation/BuildAction;Lorg/gradle/internal/invocation/BuildController;)V+113
j  org.gradle.launcher.exec.ChainingBuildActionRunner.run(Lorg/gradle/internal/invocation/BuildAction;Lorg/gradle/internal/invocation/BuildController;)V+34
j  org.gradle.tooling.internal.provider.runner.SubscribableBuildActionRunner.run(Lorg/gradle/internal/invocation/BuildAction;Lorg/gradle/internal/invocation/BuildController;)V+37
j  org.gradle.launcher.exec.ChainingBuildActionRunner.run(Lorg/gradle/internal/invocation/BuildAction;Lorg/gradle/internal/invocation/BuildController;)V+34
j  org.gradle.launcher.exec.InProcessBuildActionExecuter.execute(Lorg/gradle/internal/invocation/BuildAction;Lorg/gradle/initialization/BuildRequestContext;Lorg/gradle/launcher/exec/BuildActionParameters;Lorg/gradle/internal/service/ServiceRegistry;)Ljava/lang/Object;+63
j  org.gradle.launcher.exec.InProcessBuildActionExecuter.execute(Lorg/gradle/internal/invocation/BuildAction;Lorg/gradle/initialization/BuildRequestContext;Ljava/lang/Object;Lorg/gradle/internal/service/ServiceRegistry;)Ljava/lang/Object;+9
j  org.gradle.launcher.exec.ContinuousBuildActionExecuter.execute(Lorg/gradle/internal/invocation/BuildAction;Lorg/gradle/initialization/BuildRequestContext;Lorg/gradle/launcher/exec/BuildActionParameters;Lorg/gradle/internal/service/ServiceRegistry;)Ljava/lang/Object;+70
j  org.gradle.launcher.exec.ContinuousBuildActionExecuter.execute(Lorg/gradle/internal/invocation/BuildAction;Lorg/gradle/initialization/BuildRequestContext;Ljava/lang/Object;Lorg/gradle/internal/service/ServiceRegistry;)Ljava/lang/Object;+9
j  org.gradle.launcher.daemon.server.exec.ExecuteBuild.doBuild(Lorg/gradle/launcher/daemon/server/api/DaemonCommandExecution;Lorg/gradle/launcher/daemon/protocol/Build;)V+74
j  org.gradle.launcher.daemon.server.exec.BuildCommandOnly.execute(Lorg/gradle/launcher/daemon/server/api/DaemonCommandExecution;)V+49
J 13983 C1 org.gradle.launcher.daemon.server.api.DaemonCommandExecution.proceed()Z (35 bytes) @ 0x000000000369bb94 [0x000000000369b7e0+0x3b4]
j  org.gradle.launcher.daemon.server.exec.WatchForDisconnection.execute(Lorg/gradle/launcher/daemon/server/api/DaemonCommandExecution;)V+19
J 13983 C1 org.gradle.launcher.daemon.server.api.DaemonCommandExecution.proceed()Z (35 bytes) @ 0x000000000369bb94 [0x000000000369b7e0+0x3b4]
j  org.gradle.launcher.daemon.server.exec.ResetDeprecationLogger.execute(Lorg/gradle/launcher/daemon/server/api/DaemonCommandExecution;)V+4
J 13983 C1 org.gradle.launcher.daemon.server.api.DaemonCommandExecution.proceed()Z (35 bytes) @ 0x000000000369bb94 [0x000000000369b7e0+0x3b4]
j  org.gradle.launcher.daemon.server.exec.RequestStopIfSingleUsedDaemon.execute(Lorg/gradle/launcher/daemon/server/api/DaemonCommandExecution;)V+31
J 13983 C1 org.gradle.launcher.daemon.server.api.DaemonCommandExecution.proceed()Z (35 bytes) @ 0x000000000369bb94 [0x000000000369b7e0+0x3b4]
j  org.gradle.launcher.daemon.server.exec.ForwardClientInput$2.call()Ljava/lang/Void;+4
j  org.gradle.launcher.daemon.server.exec.ForwardClientInput$2.call()Ljava/lang/Object;+1
j  org.gradle.util.Swapper.swap(Ljava/lang/Object;Ljava/util/concurrent/Callable;)Ljava/lang/Object;+21
j  org.gradle.launcher.daemon.server.exec.ForwardClientInput.execute(Lorg/gradle/launcher/daemon/server/api/DaemonCommandExecution;)V+63
J 13983 C1 org.gradle.launcher.daemon.server.api.DaemonCommandExecution.proceed()Z (35 bytes) @ 0x000000000369bb94 [0x000000000369b7e0+0x3b4]
j  org.gradle.launcher.daemon.server.health.DaemonHealthTracker.execute(Lorg/gradle/launcher/daemon/server/api/DaemonCommandExecution;)V+35
J 13983 C1 org.gradle.launcher.daemon.server.api.DaemonCommandExecution.proceed()Z (35 bytes) @ 0x000000000369bb94 [0x000000000369b7e0+0x3b4]
j  org.gradle.launcher.daemon.server.exec.LogToClient.doBuild(Lorg/gradle/launcher/daemon/server/api/DaemonCommandExecution;Lorg/gradle/launcher/daemon/protocol/Build;)V+106
j  org.gradle.launcher.daemon.server.exec.BuildCommandOnly.execute(Lorg/gradle/launcher/daemon/server/api/DaemonCommandExecution;)V+49
J 13983 C1 org.gradle.launcher.daemon.server.api.DaemonCommandExecution.proceed()Z (35 bytes) @ 0x000000000369bb94 [0x000000000369b7e0+0x3b4]
j  org.gradle.launcher.daemon.server.exec.EstablishBuildEnvironment.doBuild(Lorg/gradle/launcher/daemon/server/api/DaemonCommandExecution;Lorg/gradle/launcher/daemon/protocol/Build;)V+243
j  org.gradle.launcher.daemon.server.exec.BuildCommandOnly.execute(Lorg/gradle/launcher/daemon/server/api/DaemonCommandExecution;)V+49
J 13983 C1 org.gradle.launcher.daemon.server.api.DaemonCommandExecution.proceed()Z (35 bytes) @ 0x000000000369bb94 [0x000000000369b7e0+0x3b4]
j  org.gradle.launcher.daemon.server.health.HintGCAfterBuild.execute(Lorg/gradle/launcher/daemon/server/api/DaemonCommandExecution;)V+1
J 13983 C1 org.gradle.launcher.daemon.server.api.DaemonCommandExecution.proceed()Z (35 bytes) @ 0x000000000369bb94 [0x000000000369b7e0+0x3b4]
j  org.gradle.launcher.daemon.server.exec.StartBuildOrRespondWithBusy$1.run()V+44
j  org.gradle.launcher.daemon.server.DaemonStateCoordinator$1.run()V+4
j  org.gradle.internal.concurrent.ExecutorPolicy$CatchAndRecordFailures.onExecute(Ljava/lang/Runnable;)V+1
j  org.gradle.internal.concurrent.StoppableExecutorImpl$1.run()V+25
J 15190 C1 java.util.concurrent.ThreadPoolExecutor.runWorker(Ljava/util/concurrent/ThreadPoolExecutor$Worker;)V (225 bytes) @ 0x00000000059dafe4 [0x00000000059da020+0xfc4]
J 15189 C1 java.util.concurrent.ThreadPoolExecutor$Worker.run()V (9 bytes) @ 0x00000000059dcb44 [0x00000000059dca40+0x104]
J 14504 C1 java.lang.Thread.run()V (17 bytes) @ 0x000000000584ae04 [0x000000000584acc0+0x144]
v  ~StubRoutines::call_stub

---------------  P R O C E S S  ---------------

Java Threads: ( => current thread )
  0x000000001e67d000 JavaThread "Stdin handler" [_thread_blocked, id=5792, stack(0x0000000000c10000,0x0000000000d10000)]
=>0x000000001e67f800 JavaThread "Daemon worker Thread 23" [_thread_in_vm, id=5592, stack(0x0000000000b10000,0x0000000000c10000)]
  0x000000001e680000 JavaThread "Cancel handler" [_thread_blocked, id=1444, stack(0x0000000000410000,0x0000000000510000)]
  0x000000001e67b000 JavaThread "Handler for socket connection from /127.0.0.1:64943 to /127.0.0.1:61416" [_thread_in_native, id=3104, stack(0x0000000000310000,0x0000000000410000)]
  0x000000001e67c800 JavaThread "Daemon Thread 23" [_thread_blocked, id=7196, stack(0x0000000000210000,0x0000000000310000)]
  0x000000001e67b800 JavaThread "Tasks limiter_4" daemon [_thread_blocked, id=5464, stack(0x000000001ff00000,0x0000000020000000)]
  0x000000001e324800 JavaThread "Tasks limiter_3" daemon [_thread_blocked, id=8136, stack(0x000000001fa10000,0x000000001fb10000)]
  0x000000001a6d4000 JavaThread "Tasks limiter_2" daemon [_thread_blocked, id=7856, stack(0x000000001de50000,0x000000001df50000)]
  0x000000001a6d2800 JavaThread "Tasks limiter_1" daemon [_thread_blocked, id=6852, stack(0x000000001b450000,0x000000001b550000)]
  0x000000001a472000 JavaThread "File lock request listener" [_thread_in_native, id=7024, stack(0x000000001c580000,0x000000001c680000)]
  0x00000000180e5800 JavaThread "Incoming local TCP Connector on port 64943" [_thread_in_native, id=5372, stack(0x0000000017c10000,0x0000000017d10000)]
  0x0000000016c9a800 JavaThread "Service Thread" daemon [_thread_blocked, id=2500, stack(0x0000000017210000,0x0000000017310000)]
  0x0000000016c14800 JavaThread "C1 CompilerThread2" daemon [_thread_blocked, id=6736, stack(0x0000000017110000,0x0000000017210000)]
  0x0000000016c11000 JavaThread "C2 CompilerThread1" daemon [_thread_blocked, id=1296, stack(0x0000000017010000,0x0000000017110000)]
  0x000000001560c800 JavaThread "C2 CompilerThread0" daemon [_thread_in_native, id=4336, stack(0x0000000016b10000,0x0000000016c10000)]
  0x000000001560a000 JavaThread "Attach Listener" daemon [_thread_blocked, id=2432, stack(0x0000000016a10000,0x0000000016b10000)]
  0x00000000155bf000 JavaThread "Signal Dispatcher" daemon [_thread_blocked, id=6936, stack(0x0000000016910000,0x0000000016a10000)]
  0x0000000002ed7000 JavaThread "Finalizer" daemon [_thread_blocked, id=6148, stack(0x0000000016810000,0x0000000016910000)]
  0x0000000002ece000 JavaThread "Reference Handler" daemon [_thread_blocked, id=2376, stack(0x0000000016710000,0x0000000016810000)]
  0x0000000002de2800 JavaThread "main" [_thread_blocked, id=2640, stack(0x0000000002be0000,0x0000000002ce0000)]

Other Threads:
  0x0000000015577800 VMThread [stack: 0x0000000016610000,0x0000000016710000] [id=6660]
  0x0000000016cb3800 WatcherThread [stack: 0x0000000017310000,0x0000000017410000] [id=4796]

VM state:synchronizing (normal execution)

VM Mutex/Monitor currently owned by a thread:  ([mutex/lock_event])
[0x0000000002dde150] Threads_lock - owner thread: 0x0000000015577800

Heap:
 PSYoungGen      total 323584K, used 74099K [0x00000000eab00000, 0x0000000100000000, 0x0000000100000000)
  eden space 301568K, 19% used [0x00000000eab00000,0x00000000ee57c398,0x00000000fd180000)
  from space 22016K, 64% used [0x00000000fe880000,0x00000000ff660bf0,0x00000000ffe00000)
  to   space 23552K, 0% used [0x00000000fd180000,0x00000000fd180000,0x00000000fe880000)
 ParOldGen       total 101376K, used 30486K [0x00000000c0000000, 0x00000000c6300000, 0x00000000eab00000)
  object space 101376K, 30% used [0x00000000c0000000,0x00000000c1dc5988,0x00000000c6300000)
 Metaspace       used 69553K, capacity 73270K, committed 75136K, reserved 1116160K
  class space    used 8640K, capacity 9008K, committed 9344K, reserved 1048576K

Card table byte_map: [0x00000000122a0000,0x00000000124b0000] byte_map_base: 0x0000000011ca0000

Marking Bits: (ParMarkBitMap*) 0x00000000583d4040
 Begin Bits: [0x0000000012a10000, 0x0000000013a10000)
 End Bits:   [0x0000000013a10000, 0x0000000014a10000)

Polling page: 0x0000000001080000

CodeCache: size=245760Kb used=50780Kb max_used=50847Kb free=194979Kb
 bounds [0x0000000002ee0000, 0x00000000060f0000, 0x0000000011ee0000]
 total_blobs=14117 nmethods=13344 adapters=682
 compilation: enabled

Compilation events (10 events):
Event: 17014.382 Thread 0x0000000016c14800 17601       3       org.codehaus.groovy.runtime.ArrayUtil::createArray (21 bytes)
Event: 17014.382 Thread 0x0000000016c14800 nmethod 17601 0x0000000004b1eb10 code [0x0000000004b1eca0, 0x0000000004b1f2f0]
Event: 17014.384 Thread 0x0000000016c14800 17605       3       org.codehaus.groovy.runtime.callsite.PogoMetaMethodSite::checkCall (26 bytes)
Event: 17014.385 Thread 0x0000000016c14800 nmethod 17605 0x0000000004e53910 code [0x0000000004e53ae0, 0x0000000004e546a8]
Event: 17014.386 Thread 0x0000000016c14800 17600       3       org.gradle.plugins.ide.idea.model.SingleEntryModuleLibrary::$getStaticMetaClass (39 bytes)
Event: 17014.508 Thread 0x0000000016c14800 nmethod 17600 0x0000000005a37090 code [0x0000000005a37400, 0x0000000005a393e8]
Event: 17014.508 Thread 0x0000000016c14800 17602       3       org.gradle.plugins.ide.idea.model.IdeaModule::$getCallSiteArray (40 bytes)
Event: 17014.510 Thread 0x0000000016c14800 nmethod 17602 0x0000000005c43ed0 code [0x0000000005c440a0, 0x0000000005c448f8]
Event: 17014.585 Thread 0x0000000016c14800 17606       3       org.codehaus.groovy.runtime.metaclass.MultipleSetterProperty::createStaticVersion (110 bytes)
Event: 17014.599 Thread 0x0000000016c14800 nmethod 17606 0x0000000005a3e850 code [0x0000000005a3eb40, 0x0000000005a40388]

GC Heap History (10 events):
Event: 14541.070 GC heap before
{Heap before GC invocations=75 (full 23):
 PSYoungGen      total 303616K, used 240942K [0x00000000eab00000, 0x00000000ffe00000, 0x0000000100000000)
  eden space 303104K, 79% used [0x00000000eab00000,0x00000000f964bbf0,0x00000000fd300000)
  from space 512K, 0% used [0x00000000fd300000,0x00000000fd300000,0x00000000fd380000)
  to   space 22016K, 0% used [0x00000000fe880000,0x00000000fe880000,0x00000000ffe00000)
 ParOldGen       total 101376K, used 31215K [0x00000000c0000000, 0x00000000c6300000, 0x00000000eab00000)
  object space 101376K, 30% used [0x00000000c0000000,0x00000000c1e7bc90,0x00000000c6300000)
 Metaspace       used 68951K, capacity 72598K, committed 74368K, reserved 1114112K
  class space    used 8567K, capacity 8899K, committed 9344K, reserved 1048576K
Event: 14541.282 GC heap after
Heap after GC invocations=75 (full 23):
 PSYoungGen      total 324608K, used 11175K [0x00000000eab00000, 0x00000000fff00000, 0x0000000100000000)
  eden space 302592K, 0% used [0x00000000eab00000,0x00000000eab00000,0x00000000fd280000)
  from space 22016K, 50% used [0x00000000fe880000,0x00000000ff369e30,0x00000000ffe00000)
  to   space 22528K, 0% used [0x00000000fd280000,0x00000000fd280000,0x00000000fe880000)
 ParOldGen       total 101376K, used 31223K [0x00000000c0000000, 0x00000000c6300000, 0x00000000eab00000)
  object space 101376K, 30% used [0x00000000c0000000,0x00000000c1e7dc90,0x00000000c6300000)
 Metaspace       used 68951K, capacity 72598K, committed 74368K, reserved 1114112K
  class space    used 8567K, capacity 8899K, committed 9344K, reserved 1048576K
}
Event: 14541.282 GC heap before
{Heap before GC invocations=76 (full 24):
 PSYoungGen      total 324608K, used 11175K [0x00000000eab00000, 0x00000000fff00000, 0x0000000100000000)
  eden space 302592K, 0% used [0x00000000eab00000,0x00000000eab00000,0x00000000fd280000)
  from space 22016K, 50% used [0x00000000fe880000,0x00000000ff369e30,0x00000000ffe00000)
  to   space 22528K, 0% used [0x00000000fd280000,0x00000000fd280000,0x00000000fe880000)
 ParOldGen       total 101376K, used 31223K [0x00000000c0000000, 0x00000000c6300000, 0x00000000eab00000)
  object space 101376K, 30% used [0x00000000c0000000,0x00000000c1e7dc90,0x00000000c6300000)
 Metaspace       used 68951K, capacity 72598K, committed 74368K, reserved 1114112K
  class space    used 8567K, capacity 8899K, committed 9344K, reserved 1048576K
Event: 14543.998 GC heap after
Heap after GC invocations=76 (full 24):
 PSYoungGen      total 324608K, used 0K [0x00000000eab00000, 0x00000000fff00000, 0x0000000100000000)
  eden space 302592K, 0% used [0x00000000eab00000,0x00000000eab00000,0x00000000fd280000)
  from space 22016K, 0% used [0x00000000fe880000,0x00000000fe880000,0x00000000ffe00000)
  to   space 22528K, 0% used [0x00000000fd280000,0x00000000fd280000,0x00000000fe880000)
 ParOldGen       total 101376K, used 41770K [0x00000000c0000000, 0x00000000c6300000, 0x00000000eab00000)
  object space 101376K, 41% used [0x00000000c0000000,0x00000000c28ca918,0x00000000c6300000)
 Metaspace       used 68932K, capacity 72576K, committed 74368K, reserved 1114112K
  class space    used 8561K, capacity 8893K, committed 9344K, reserved 1048576K
}
Event: 16072.356 GC heap before
{Heap before GC invocations=77 (full 24):
 PSYoungGen      total 324608K, used 103856K [0x00000000eab00000, 0x00000000fff00000, 0x0000000100000000)
  eden space 302592K, 34% used [0x00000000eab00000,0x00000000f106c068,0x00000000fd280000)
  from space 22016K, 0% used [0x00000000fe880000,0x00000000fe880000,0x00000000ffe00000)
  to   space 22528K, 0% used [0x00000000fd280000,0x00000000fd280000,0x00000000fe880000)
 ParOldGen       total 101376K, used 41770K [0x00000000c0000000, 0x00000000c6300000, 0x00000000eab00000)
  object space 101376K, 41% used [0x00000000c0000000,0x00000000c28ca918,0x00000000c6300000)
 Metaspace       used 69185K, capacity 72938K, committed 74624K, reserved 1114112K
  class space    used 8585K, capacity 8926K, committed 9344K, reserved 1048576K
Event: 16073.126 GC heap after
Heap after GC invocations=77 (full 24):
 PSYoungGen      total 325120K, used 1447K [0x00000000eab00000, 0x00000000ffe00000, 0x0000000100000000)
  eden space 302592K, 0% used [0x00000000eab00000,0x00000000eab00000,0x00000000fd280000)
  from space 22528K, 6% used [0x00000000fd280000,0x00000000fd3e9e50,0x00000000fe880000)
  to   space 22016K, 0% used [0x00000000fe880000,0x00000000fe880000,0x00000000ffe00000)
 ParOldGen       total 101376K, used 41778K [0x00000000c0000000, 0x00000000c6300000, 0x00000000eab00000)
  object space 101376K, 41% used [0x00000000c0000000,0x00000000c28cc918,0x00000000c6300000)
 Metaspace       used 69185K, capacity 72938K, committed 74624K, reserved 1114112K
  class space    used 8585K, capacity 8926K, committed 9344K, reserved 1048576K
}
Event: 16073.131 GC heap before
{Heap before GC invocations=78 (full 25):
 PSYoungGen      total 325120K, used 1447K [0x00000000eab00000, 0x00000000ffe00000, 0x0000000100000000)
  eden space 302592K, 0% used [0x00000000eab00000,0x00000000eab00000,0x00000000fd280000)
  from space 22528K, 6% used [0x00000000fd280000,0x00000000fd3e9e50,0x00000000fe880000)
  to   space 22016K, 0% used [0x00000000fe880000,0x00000000fe880000,0x00000000ffe00000)
 ParOldGen       total 101376K, used 41778K [0x00000000c0000000, 0x00000000c6300000, 0x00000000eab00000)
  object space 101376K, 41% used [0x00000000c0000000,0x00000000c28cc918,0x00000000c6300000)
 Metaspace       used 69185K, capacity 72938K, committed 74624K, reserved 1114112K
  class space    used 8585K, capacity 8926K, committed 9344K, reserved 1048576K
Event: 16078.178 GC heap after
Heap after GC invocations=78 (full 25):
 PSYoungGen      total 325120K, used 0K [0x00000000eab00000, 0x00000000ffe00000, 0x0000000100000000)
  eden space 302592K, 0% used [0x00000000eab00000,0x00000000eab00000,0x00000000fd280000)
  from space 22528K, 0% used [0x00000000fd280000,0x00000000fd280000,0x00000000fe880000)
  to   space 22016K, 0% used [0x00000000fe880000,0x00000000fe880000,0x00000000ffe00000)
 ParOldGen       total 101376K, used 30486K [0x00000000c0000000, 0x00000000c6300000, 0x00000000eab00000)
  object space 101376K, 30% used [0x00000000c0000000,0x00000000c1dc5988,0x00000000c6300000)
 Metaspace       used 68465K, capacity 71390K, committed 74624K, reserved 1114112K
  class space    used 8393K, capacity 8584K, committed 9344K, reserved 1048576K
}
Event: 17010.397 GC heap before
{Heap before GC invocations=79 (full 25):
 PSYoungGen      total 325120K, used 302592K [0x00000000eab00000, 0x00000000ffe00000, 0x0000000100000000)
  eden space 302592K, 100% used [0x00000000eab00000,0x00000000fd280000,0x00000000fd280000)
  from space 22528K, 0% used [0x00000000fd280000,0x00000000fd280000,0x00000000fe880000)
  to   space 22016K, 0% used [0x00000000fe880000,0x00000000fe880000,0x00000000ffe00000)
 ParOldGen       total 101376K, used 30486K [0x00000000c0000000, 0x00000000c6300000, 0x00000000eab00000)
  object space 101376K, 30% used [0x00000000c0000000,0x00000000c1dc5988,0x00000000c6300000)
 Metaspace       used 69043K, capacity 72322K, committed 74624K, reserved 1114112K
  class space    used 8510K, capacity 8783K, committed 9344K, reserved 1048576K
Event: 17012.042 GC heap after
Heap after GC invocations=79 (full 25):
 PSYoungGen      total 323584K, used 14210K [0x00000000eab00000, 0x0000000100000000, 0x0000000100000000)
  eden space 301568K, 0% used [0x00000000eab00000,0x00000000eab00000,0x00000000fd180000)
  from space 22016K, 64% used [0x00000000fe880000,0x00000000ff660bf0,0x00000000ffe00000)
  to   space 23552K, 0% used [0x00000000fd180000,0x00000000fd180000,0x00000000fe880000)
 ParOldGen       total 101376K, used 30486K [0x00000000c0000000, 0x00000000c6300000, 0x00000000eab00000)
  object space 101376K, 30% used [0x00000000c0000000,0x00000000c1dc5988,0x00000000c6300000)
 Metaspace       used 69043K, capacity 72322K, committed 74624K, reserved 1114112K
  class space    used 8510K, capacity 8783K, committed 9344K, reserved 1048576K
}

Deoptimization events (10 events):
Event: 14090.125 Thread 0x000000001e67d000 Uncommon trap: reason=bimorphic action=maybe_recompile pc=0x000000000309e94c method=java.util.HashMap.removeNode(ILjava/lang/Object;Ljava/lang/Object;ZZ)Ljava/util/HashMap$Node; @ 68
Event: 14091.202 Thread 0x000000001e67f800 Uncommon trap: reason=class_check action=maybe_recompile pc=0x000000000311c794 method=java.lang.reflect.Array.newInstance(Ljava/lang/Class;I)Ljava/lang/Object; @ 2
Event: 14531.075 Thread 0x000000001e67b000 Uncommon trap: reason=class_check action=maybe_recompile pc=0x000000000311c794 method=java.lang.reflect.Array.newInstance(Ljava/lang/Class;I)Ljava/lang/Object; @ 2
Event: 14531.440 Thread 0x000000001e67d000 Uncommon trap: reason=null_check action=make_not_entrant pc=0x0000000003ba08c4 method=org.codehaus.groovy.reflection.CachedClass.<init>(Ljava/lang/Class;Lorg/codehaus/groovy/reflection/ClassInfo;)V @ 157
Event: 14533.119 Thread 0x000000001e67d000 Uncommon trap: reason=unstable_if action=reinterpret pc=0x000000000312ff48 method=java.lang.ref.SoftReference.get()Ljava/lang/Object; @ 6
Event: 16036.030 Thread 0x000000001e67c800 Uncommon trap: reason=unstable_if action=reinterpret pc=0x00000000053bf4dc method=java.math.BigInteger.smallToString(I)Ljava/lang/String; @ 234
Event: 16988.646 Thread 0x000000001e67f800 Uncommon trap: reason=bimorphic action=maybe_recompile pc=0x000000000309e94c method=java.util.HashMap.removeNode(ILjava/lang/Object;Ljava/lang/Object;ZZ)Ljava/util/HashMap$Node; @ 68
Event: 16990.705 Thread 0x000000001e67f800 Uncommon trap: reason=null_check action=make_not_entrant pc=0x0000000005feaecc method=org.codehaus.groovy.reflection.CachedClass.<init>(Ljava/lang/Class;Lorg/codehaus/groovy/reflection/ClassInfo;)V @ 165
Event: 17013.202 Thread 0x000000001e67f800 Uncommon trap: reason=unstable_if action=reinterpret pc=0x00000000045e0728 method=java.util.regex.Pattern$BnM.match(Ljava/util/regex/Matcher;ILjava/lang/CharSequence;)Z @ 56
Event: 17013.255 Thread 0x000000001e67f800 Uncommon trap: reason=unstable_if action=reinterpret pc=0x0000000005c59704 method=java.util.regex.Pattern$BnM.match(Ljava/util/regex/Matcher;ILjava/lang/CharSequence;)Z @ 56

Internal exceptions (10 events):
Event: 17012.944 Thread 0x000000001e67f800 Exception <a 'java/lang/ClassNotFoundException': org/jetbrains/plugins/gradle/tooling/builder/TasksFactoryBeanInfo> (0x00000000eb9a41e0) thrown at [C:\re\workspace\8-2-build-windows-amd64-cygwin\jdk8u51\3951\hotspot\src\share\vm\classfile\systemDictionary.Ëkh<ù–@
Event: 17012.944 Thread 0x000000001e67f800 Exception <a 'java/lang/ClassNotFoundException': org/jetbrains/plugins/gradle/tooling/builder/TasksFactoryCustomizer> (0x00000000eb9af2d8) thrown at [C:\re\workspace\8-2-build-windows-amd64-cygwin\jdk8u51\3951\hotspot\src\share\vm\classfile\systemDictionarõÁy<ù–@
Event: 17012.945 Thread 0x000000001e67f800 Exception <a 'java/lang/ClassNotFoundException': org/jetbrains/plugins/gradle/tooling/builder/ExternalProjectBuilderImplBeanInfo> (0x00000000eb9d75c0) thrown at [C:\re\workspace\8-2-build-windows-amd64-cygwin\jdk8u51\3951\hotspot\src\share\vm\classfile\sys:,®~<ù–@
Event: 17012.945 Thread 0x000000001e67f800 Exception <a 'java/lang/ClassNotFoundException': org/jetbrains/plugins/gradle/tooling/builder/ExternalProjectBuilderImplCustomizer> (0x00000000eb9e39e8) thrown at [C:\re\workspace\8-2-build-windows-amd64-cygwin\jdk8u51\3951\hotspot\src\share\vm\classfile\s
Event: 17012.948 Thread 0x000000001e67f800 Exception <a 'java/lang/ClassNotFoundException': com/intellij/openapi/externalSystem/model/ExternalProjectBeanInfo> (0x00000000eba27580) thrown at [C:\re\workspace\8-2-build-windows-amd64-cygwin\jdk8u51\3951\hotspot\src\share\vm\classfile\systemDictionary.‰°%Æ<ù–@
Event: 17012.948 Thread 0x000000001e67f800 Exception <a 'java/lang/ClassNotFoundException': com/intellij/openapi/externalSystem/model/ExternalProjectCustomizer> (0x00000000eba32640) thrown at [C:\re\workspace\8-2-build-windows-amd64-cygwin\jdk8u51\3951\hotspot\src\share\vm\classfile\systemDictionarcÒäj°ù–@
Event: 17014.522 Thread 0x000000001e67f800 Exception <a 'java/lang/ClassNotFoundException': com/intellij/openapi/externalSystem/model/DefaultExternalProjectBeanInfo> (0x00000000eda28180) thrown at [C:\re\workspace\8-2-build-windows-amd64-cygwin\jdk8u51\3951\hotspot\src\share\vm\classfile\systemDictœÓp°ù–@
Event: 17014.523 Thread 0x000000001e67f800 Exception <a 'java/lang/ClassNotFoundException': com/intellij/openapi/externalSystem/model/DefaultExternalProjectCustomizer> (0x00000000eda33968) thrown at [C:\re\workspace\8-2-build-windows-amd64-cygwin\jdk8u51\3951\hotspot\src\share\vm\classfile\systemDiÖ>`8•ù–@
Event: 17014.582 Thread 0x000000001e67f800 Exception <a 'java/lang/ClassNotFoundException': com/intellij/openapi/externalSystem/model/DefaultExternalTaskBeanInfo> (0x00000000edb2a890) thrown at [C:\re\workspace\8-2-build-windows-amd64-cygwin\jdk8u51\3951\hotspot\src\share\vm\classfile\systemDictionõ®©;•ù–@
Event: 17014.582 Thread 0x000000001e67f800 Exception <a 'java/lang/ClassNotFoundException': com/intellij/openapi/externalSystem/model/DefaultExternalTaskCustomizer> (0x00000000edb36128) thrown at [C:\re\workspace\8-2-build-windows-amd64-cygwin\jdk8u51\3951\hotspot\src\share\vm\classfile\systemDicti9óc<ù–@

Events (10 events):
Event: 17014.600 loading class groovy/runtime/metaclass/org/gradle/configuration/Help_DecoratedMetaClass
Event: 17014.600 loading class groovy/runtime/metaclass/org/gradle/configuration/Help_DecoratedMetaClass done
Event: 17014.602 loading class groovy/runtime/metaclass/org/gradle/api/reporting/model/ModelReport_DecoratedMetaClass
Event: 17014.602 loading class groovy/runtime/metaclass/org/gradle/api/reporting/model/ModelReport_DecoratedMetaClass done
Event: 17014.604 loading class groovy/runtime/metaclass/org/gradle/api/tasks/diagnostics/ProjectReportTask_DecoratedMetaClass
Event: 17014.604 loading class groovy/runtime/metaclass/org/gradle/api/tasks/diagnostics/ProjectReportTask_DecoratedMetaClass done
Event: 17014.607 loading class groovy/runtime/metaclass/org/gradle/api/tasks/diagnostics/PropertyReportTask_DecoratedMetaClass
Event: 17014.607 loading class groovy/runtime/metaclass/org/gradle/api/tasks/diagnostics/PropertyReportTask_DecoratedMetaClass done
Event: 17014.608 loading class groovy/runtime/metaclass/org/gradle/api/tasks/diagnostics/TaskReportTask_DecoratedMetaClass
Event: 17014.608 loading class groovy/runtime/metaclass/org/gradle/api/tasks/diagnostics/TaskReportTask_DecoratedMetaClass done


Dynamic libraries:
0x00007ff6c40c0000 - 0x00007ff6c40f7000 	C:\Program Files\Java\jdk1.8.0_51\bin\java.exe
0x00007ff90e2a0000 - 0x00007ff90e446000 	C:\Windows\SYSTEM32\ntdll.dll
0x00007ff90d370000 - 0x00007ff90d4aa000 	C:\Windows\system32\KERNEL32.DLL
0x00007ff90b9d0000 - 0x00007ff90badf000 	C:\Windows\system32\KERNELBASE.dll
0x00007ff909e10000 - 0x00007ff909e98000 	C:\Windows\system32\apphelp.dll
0x00007ff8fa230000 - 0x00007ff8fa27f000 	C:\Windows\AppPatch\AppPatch64\AcGenral.DLL
0x00007ff90bb30000 - 0x00007ff90bbd7000 	C:\Windows\system32\msvcrt.dll
0x00007ff90b460000 - 0x00007ff90b48b000 	C:\Windows\SYSTEM32\SspiCli.dll
0x00007ff90e190000 - 0x00007ff90e1e1000 	C:\Windows\system32\SHLWAPI.dll
0x00007ff90da30000 - 0x00007ff90dba1000 	C:\Windows\system32\USER32.dll
0x00007ff90d1f0000 - 0x00007ff90d368000 	C:\Windows\system32\ole32.dll
0x00007ff90bbe0000 - 0x00007ff90cfef000 	C:\Windows\system32\SHELL32.dll
0x00007ff90a8d0000 - 0x00007ff90a8ee000 	C:\Windows\SYSTEM32\USERENV.dll
0x00007ff90d980000 - 0x00007ff90da25000 	C:\Windows\system32\ADVAPI32.dll
0x00007ff9021c0000 - 0x00007ff9021db000 	C:\Windows\SYSTEM32\MPR.dll
0x00007ff90dbb0000 - 0x00007ff90dce7000 	C:\Windows\system32\RPCRT4.dll
0x00007ff90d920000 - 0x00007ff90d977000 	C:\Windows\SYSTEM32\sechost.dll
0x00007ff90dd60000 - 0x00007ff90df36000 	C:\Windows\SYSTEM32\combase.dll
0x00007ff90d4b0000 - 0x00007ff90d5f4000 	C:\Windows\system32\GDI32.dll
0x00007ff90b620000 - 0x00007ff90b634000 	C:\Windows\SYSTEM32\profapi.dll
0x00007ff90a830000 - 0x00007ff90a8cf000 	C:\Windows\SYSTEM32\SHCORE.dll
0x00007ff90cff0000 - 0x00007ff90d024000 	C:\Windows\system32\IMM32.DLL
0x00007ff90d050000 - 0x00007ff90d189000 	C:\Windows\system32\MSCTF.dll
0x00007ff90b080000 - 0x00007ff90b2da000 	C:\Windows\WinSxS\amd64_microsoft.windows.common-controls_6595b64144ccf1df_6.0.9600.17031_none_6242a4b3ecbb55a1\COMCTL32.dll
0x00000000592b0000 - 0x0000000059382000 	C:\Program Files\Java\jdk1.8.0_51\jre\bin\msvcr100.dll
0x0000000057bd0000 - 0x0000000058453000 	C:\Program Files\Java\jdk1.8.0_51\jre\bin\server\jvm.dll
0x00007ff8fd460000 - 0x00007ff8fd469000 	C:\Windows\SYSTEM32\WSOCK32.dll
0x00007ff9099e0000 - 0x00007ff9099ff000 	C:\Windows\SYSTEM32\WINMM.dll
0x00007ff909a00000 - 0x00007ff909a0a000 	C:\Windows\SYSTEM32\VERSION.dll
0x00007ff90dcf0000 - 0x00007ff90dcf7000 	C:\Windows\system32\PSAPI.DLL
0x00007ff90dd00000 - 0x00007ff90dd58000 	C:\Windows\system32\WS2_32.dll
0x00007ff909980000 - 0x00007ff9099aa000 	C:\Windows\SYSTEM32\WINMMBASE.dll
0x00007ff90df40000 - 0x00007ff90df49000 	C:\Windows\system32\NSI.dll
0x00007ff90b980000 - 0x00007ff90b9ca000 	C:\Windows\SYSTEM32\cfgmgr32.dll
0x00007ff90a090000 - 0x00007ff90a0b6000 	C:\Windows\SYSTEM32\DEVOBJ.dll
0x0000000059140000 - 0x000000005914f000 	C:\Program Files\Java\jdk1.8.0_51\jre\bin\verify.dll
0x0000000057ba0000 - 0x0000000057bc9000 	C:\Program Files\Java\jdk1.8.0_51\jre\bin\java.dll
0x0000000058ec0000 - 0x0000000058ed6000 	C:\Program Files\Java\jdk1.8.0_51\jre\bin\zip.dll
0x0000000057b80000 - 0x0000000057b9a000 	C:\Program Files\Java\jdk1.8.0_51\jre\bin\net.dll
0x00007ff90ab20000 - 0x00007ff90ab78000 	C:\Windows\system32\mswsock.dll
0x0000000057b60000 - 0x0000000057b71000 	C:\Program Files\Java\jdk1.8.0_51\jre\bin\nio.dll
0x00007ff909400000 - 0x00007ff909412000 	E:\Tools\android-studio\gradle\native\19\windows-amd64\native-platform.dll
0x00007ff905970000 - 0x00007ff905999000 	C:\Windows\SYSTEM32\IPHLPAPI.DLL
0x00007ff905960000 - 0x00007ff90596a000 	C:\Windows\SYSTEM32\WINNSI.DLL
0x00007ff9057f0000 - 0x00007ff905804000 	C:\Windows\SYSTEM32\dhcpcsvc6.DLL
0x00007ff9057d0000 - 0x00007ff9057e9000 	C:\Windows\SYSTEM32\dhcpcsvc.DLL
0x00007ff90ab80000 - 0x00007ff90ab9e000 	C:\Windows\SYSTEM32\CRYPTSP.dll
0x00007ff90a700000 - 0x00007ff90a735000 	C:\Windows\system32\rsaenh.dll
0x00007ff90adb0000 - 0x00007ff90add6000 	C:\Windows\SYSTEM32\bcrypt.dll
0x00007ff90b490000 - 0x00007ff90b4f0000 	C:\Windows\system32\bcryptprimitives.dll
0x00007ff90b4f0000 - 0x00007ff90b4fa000 	C:\Windows\SYSTEM32\CRYPTBASE.dll
0x0000000057960000 - 0x000000005796d000 	C:\Program Files\Java\jdk1.8.0_51\jre\bin\management.dll
0x00007ff8f7650000 - 0x00007ff8f77d8000 	C:\Windows\SYSTEM32\dbghelp.dll

VM Arguments:
jvm_args: -XX:MaxPermSize=256m -XX:+HeapDumpOnOutOfMemoryError -Xmx1024m -Dfile.encoding=GBK -Duser.country=CN -Duser.language=zh -Duser.variant 
java_command: org.gradle.launcher.daemon.bootstrap.GradleDaemon 2.8
java_class_path (initial): E:\Tools\android-studio\gradle\gradle-2.8\lib\gradle-launcher-2.8.jar
Launcher Type: SUN_STANDARD

Environment Variables:
JAVA_HOME=C:\Program Files\Java\jdk1.8.0_51
PATH=C:\Program Files\Java\jdk1.8.0_51\bin;C:\ProgramData\Oracle\Java\javapath;C:\Program Files (x86)\Intel\iCLS Client\;C:\Program Files\Intel\iCLS Client\;C:\Program Files (x86)\NVIDIA Corporation\PhysX\Common;C:\Windows\system32;C:\Windows;C:\Windows\System32\Wbem;C:\Windows\System32\WindowsPowerShell\v1.0\;C:\Program Files\Intel\Intel(R) Management Engine Components\DAL;C:\Program Files\Intel\Intel(R) Management Engine Components\IPT;C:\Program Files\Microsoft DNX\Dnvm\;C:\Program Files (x86)\Windows Kits\8.1\Windows Performance Toolkit\;C:\Users\ZZY2015\AppData\Local\Programs\Python\Python35\Scripts\;C:\Users\ZZY2015\AppData\Local\Programs\Python\Python35\
USERNAME=ZZY2015
OS=Windows_NT
PROCESSOR_IDENTIFIER=Intel64 Family 6 Model 61 Stepping 4, GenuineIntel



---------------  S Y S T E M  ---------------

OS: Windows 8.1 , 64 bit Build 9600 (6.3.9600.17056)

CPU:total 4 (2 cores per cpu, 2 threads per core) family 6 model 61 stepping 4, cmov, cx8, fxsr, mmx, sse, sse2, sse3, ssse3, sse4.1, sse4.2, popcnt, avx, avx2, aes, clmul, erms, 3dnowpref, lzcnt, ht, tsc, tscinvbit, bmi1, bmi2, adx

Memory: 4k page, physical 4106576k(1404628k free), swap 7868532k(3713112k free)

vm_info: Java HotSpot(TM) 64-Bit Server VM (25.51-b03) for windows-amd64 JRE (1.8.0_51-b16), built on Jun  8 2015 18:03:07 by "java_re" with MS VC++ 10.0 (VS2010)

time: Fri Feb 03 14:25:51 2017
elapsed time: 17015 seconds (0d 4h 43m 35s)

